# JRE version: Java(TM) SE Runtime Environment (17.0.12+8) (build 17.0.12+8-LTS-286)
# Java VM: Java HotSpot(TM) 64-Bit Server VM (17.0.12+8-LTS-286, mixed mode, sharing, tiered, compressed oops, compressed class ptrs, g1 gc, windows-amd64)
GC Precious Log:
 CPUs: 16 total, 16 available
 Memory: 15760M
 Large Page Support: Disabled
 NUMA Support: Disabled
 Compressed Oops: Enabled (32-bit)
 Heap Region Size: 1M
 Heap Min Capacity: 8M
 Heap Initial Capacity: 248M
 Heap Max Capacity: 2G
 Pre-touch: Disabled
 Parallel Workers: 13
 Concurrent Workers: 3
 Concurrent Refinement Workers: 13
 Periodic GC: Disabled
Heap:
 garbage-first heap   total 109568K, used 67005K [0x0000000080000000, 0x0000000100000000)
  region size 1024K, 5 young (5120K), 2 survivors (2048K)
 Metaspace       used 62794K, committed 63488K, reserved 491520K
  class space    used 8698K, committed 9024K, reserved 425984K
GC Heap History (20 events):
Event: 21.882 GC heap before
{Heap before GC invocations=15 (full 0):
 garbage-first heap   total 81920K, used 65499K [0x0000000080000000, 0x0000000100000000)
  region size 1024K, 22 young (22528K), 4 survivors (4096K)
 Metaspace       used 48073K, committed 48640K, reserved 491520K
  class space    used 6707K, committed 6976K, reserved 425984K
}
Event: 21.885 GC heap after
{Heap after GC invocations=16 (full 0):
 garbage-first heap   total 81920K, used 48361K [0x0000000080000000, 0x0000000100000000)
  region size 1024K, 2 young (2048K), 2 survivors (2048K)
 Metaspace       used 48073K, committed 48640K, reserved 491520K
  class space    used 6707K, committed 6976K, reserved 425984K
}
Event: 23.235 GC heap before
{Heap before GC invocations=17 (full 0):
 garbage-first heap   total 86016K, used 64745K [0x0000000080000000, 0x0000000100000000)
  region size 1024K, 19 young (19456K), 2 survivors (2048K)
 Metaspace       used 49869K, committed 50496K, reserved 491520K
  class space    used 6951K, committed 7232K, reserved 425984K
}
Event: 23.236 GC heap after
{Heap after GC invocations=18 (full 0):
 garbage-first heap   total 86016K, used 49260K [0x0000000080000000, 0x0000000100000000)
  region size 1024K, 2 young (2048K), 2 survivors (2048K)
 Metaspace       used 49869K, committed 50496K, reserved 491520K
  class space    used 6951K, committed 7232K, reserved 425984K
}
Event: 24.948 GC heap before
{Heap before GC invocations=18 (full 0):
 garbage-first heap   total 86016K, used 69740K [0x0000000080000000, 0x0000000100000000)
  region size 1024K, 22 young (22528K), 2 survivors (2048K)
 Metaspace       used 52594K, committed 53184K, reserved 491520K
  class space    used 7328K, committed 7616K, reserved 425984K
}
Event: 24.950 GC heap after
{Heap after GC invocations=19 (full 0):
 garbage-first heap   total 86016K, used 50209K [0x0000000080000000, 0x0000000100000000)
  region size 1024K, 3 young (3072K), 3 survivors (3072K)
 Metaspace       used 52594K, committed 53184K, reserved 491520K
  class space    used 7328K, committed 7616K, reserved 425984K
}
Event: 25.731 GC heap before
{Heap before GC invocations=20 (full 0):
 garbage-first heap   total 91136K, used 69665K [0x0000000080000000, 0x0000000100000000)
  region size 1024K, 22 young (22528K), 3 survivors (3072K)
 Metaspace       used 54495K, committed 55168K, reserved 491520K
  class space    used 7549K, committed 7872K, reserved 425984K
}
Event: 25.733 GC heap after
{Heap after GC invocations=21 (full 0):
 garbage-first heap   total 91136K, used 52533K [0x0000000080000000, 0x0000000100000000)
  region size 1024K, 3 young (3072K), 3 survivors (3072K)
 Metaspace       used 54495K, committed 55168K, reserved 491520K
  class space    used 7549K, committed 7872K, reserved 425984K
}
Event: 27.759 GC heap before
{Heap before GC invocations=21 (full 0):
 garbage-first heap   total 91136K, used 74037K [0x0000000080000000, 0x0000000100000000)
  region size 1024K, 24 young (24576K), 3 survivors (3072K)
 Metaspace       used 56528K, committed 57152K, reserved 491520K
  class space    used 7839K, committed 8128K, reserved 425984K
}
Event: 27.761 GC heap after
{Heap after GC invocations=22 (full 0):
 garbage-first heap   total 91136K, used 54088K [0x0000000080000000, 0x0000000100000000)
  region size 1024K, 2 young (2048K), 2 survivors (2048K)
 Metaspace       used 56528K, committed 57152K, reserved 491520K
  class space    used 7839K, committed 8128K, reserved 425984K
}
Event: 28.288 GC heap before
{Heap before GC invocations=23 (full 0):
 garbage-first heap   total 94208K, used 73544K [0x0000000080000000, 0x0000000100000000)
  region size 1024K, 21 young (21504K), 2 survivors (2048K)
 Metaspace       used 57292K, committed 57920K, reserved 491520K
  class space    used 7972K, committed 8256K, reserved 425984K
}
Event: 28.290 GC heap after
{Heap after GC invocations=24 (full 0):
 garbage-first heap   total 94208K, used 55757K [0x0000000080000000, 0x0000000100000000)
  region size 1024K, 3 young (3072K), 3 survivors (3072K)
 Metaspace       used 57292K, committed 57920K, reserved 491520K
  class space    used 7972K, committed 8256K, reserved 425984K
}
Event: 31.497 GC heap before
{Heap before GC invocations=24 (full 0):
 garbage-first heap   total 94208K, used 76237K [0x0000000080000000, 0x0000000100000000)
  region size 1024K, 23 young (23552K), 3 survivors (3072K)
 Metaspace       used 58645K, committed 59264K, reserved 491520K
  class space    used 8144K, committed 8448K, reserved 425984K
}
Event: 31.499 GC heap after
{Heap after GC invocations=25 (full 0):
 garbage-first heap   total 94208K, used 57798K [0x0000000080000000, 0x0000000100000000)
  region size 1024K, 3 young (3072K), 3 survivors (3072K)
 Metaspace       used 58645K, committed 59264K, reserved 491520K
  class space    used 8144K, committed 8448K, reserved 425984K
}
Event: 32.396 GC heap before
{Heap before GC invocations=26 (full 0):
 garbage-first heap   total 102400K, used 76230K [0x0000000080000000, 0x0000000100000000)
  region size 1024K, 21 young (21504K), 3 survivors (3072K)
 Metaspace       used 59876K, committed 60544K, reserved 491520K
  class space    used 8356K, committed 8640K, reserved 425984K
}
Event: 32.398 GC heap after
{Heap after GC invocations=27 (full 0):
 garbage-first heap   total 102400K, used 60785K [0x0000000080000000, 0x0000000100000000)
  region size 1024K, 3 young (3072K), 3 survivors (3072K)
 Metaspace       used 59876K, committed 60544K, reserved 491520K
  class space    used 8356K, committed 8640K, reserved 425984K
}
Event: 32.432 GC heap before
{Heap before GC invocations=27 (full 0):
 garbage-first heap   total 102400K, used 61809K [0x0000000080000000, 0x0000000100000000)
  region size 1024K, 5 young (5120K), 3 survivors (3072K)
 Metaspace       used 60014K, committed 60672K, reserved 491520K
  class space    used 8390K, committed 8704K, reserved 425984K
}
Event: 32.434 GC heap after
{Heap after GC invocations=28 (full 0):
 garbage-first heap   total 102400K, used 61030K [0x0000000080000000, 0x0000000100000000)
  region size 1024K, 1 young (1024K), 1 survivors (1024K)
 Metaspace       used 60014K, committed 60672K, reserved 491520K
  class space    used 8390K, committed 8704K, reserved 425984K
}
Event: 33.057 GC heap before
{Heap before GC invocations=28 (full 0):
 garbage-first heap   total 102400K, used 81510K [0x0000000080000000, 0x0000000100000000)
  region size 1024K, 22 young (22528K), 1 survivors (1024K)
 Metaspace       used 62151K, committed 62784K, reserved 491520K
  class space    used 8618K, committed 8896K, reserved 425984K
}
Event: 33.059 GC heap after
{Heap after GC invocations=29 (full 0):
 garbage-first heap   total 102400K, used 63404K [0x0000000080000000, 0x0000000100000000)
  region size 1024K, 3 young (3072K), 3 survivors (3072K)
 Metaspace       used 62151K, committed 62784K, reserved 491520K
  class space    used 8618K, committed 8896K, reserved 425984K
}

